----------

Sat May 09 2020 16:22:26 GMT+0530 (India Standard Time)

Couldn't execute script C:\xampp\htdocs\interaction_bootstrap\homesinfra.bsdesign

----------

Sat May 09 2020 17:45:24 GMT+0530 (India Standard Time)

Couldn't execute script C:\xampp\htdocs\interaction_bootstrap\homesinfra.bsdesign

----------

Sat May 09 2020 17:46:14 GMT+0530 (India Standard Time)

Couldn't execute script C:\xampp\htdocs\interaction_bootstrap\homesinfra.bsdesign

----------

Sat May 09 2020 17:58:47 GMT+0530 (India Standard Time)

Couldn't execute script C:\xampp\htdocs\interaction_bootstrap\homesinfra.bsdesign

----------

Sat May 09 2020 18:04:59 GMT+0530 (India Standard Time)

Couldn't execute script C:\xampp\htdocs\interaction_bootstrap\homesinfra.bsdesign

----------

Sat May 09 2020 18:10:54 GMT+0530 (India Standard Time)

Couldn't execute script C:\xampp\htdocs\interaction_bootstrap\homesinfra.bsdesign

----------

Sat May 09 2020 19:07:44 GMT+0530 (India Standard Time)

Couldn't execute script C:\xampp\htdocs\interaction_bootstrap\homesinfra.bsdesign

----------

Sat May 09 2020 19:25:18 GMT+0530 (India Standard Time)

Couldn't execute script C:\xampp\htdocs\interaction_bootstrap\homesinfra.bsdesign

----------

Sat May 09 2020 19:31:29 GMT+0530 (India Standard Time)

Couldn't execute script C:\xampp\htdocs\interaction_bootstrap\homesinfra.bsdesign

----------

Sat May 09 2020 20:08:36 GMT+0530 (India Standard Time)

Couldn't execute script C:\xampp\htdocs\interaction_bootstrap\homesinfra.bsdesign

----------

Sat May 09 2020 20:08:57 GMT+0530 (India Standard Time)

Couldn't execute script C:\xampp\htdocs\interaction_bootstrap\homesinfra.bsdesign

----------

Sat May 09 2020 20:10:40 GMT+0530 (India Standard Time)

Couldn't execute script C:\xampp\htdocs\interaction_bootstrap\homesinfra.bsdesign

----------

Sat May 09 2020 20:13:03 GMT+0530 (India Standard Time)

Couldn't execute script C:\xampp\htdocs\interaction_bootstrap\homesinfra.bsdesign

----------

Mon May 11 2020 10:24:21 GMT+0530 (India Standard Time)

Couldn't execute script C:\xampp\htdocs\interaction_bootstrap\homesinfra.bsdesign

----------

Wed May 13 2020 18:04:42 GMT+0530 (India Standard Time)

Couldn't execute script C:\xampp\htdocs\interaction_bootstrap\homesinfra.bsdesign

----------

Wed May 13 2020 18:08:02 GMT+0530 (India Standard Time)

Couldn't execute script C:\xampp\htdocs\interaction_bootstrap\homesinfra.bsdesign

----------

Tue Jun 02 2020 14:37:47 GMT+0530 (India Standard Time)

Couldn't execute script C:\xampp\htdocs\interaction_bootstrap\homesinfra.bsdesign

----------

Wed Jun 03 2020 11:57:00 GMT+0530 (India Standard Time)

Couldn't execute script C:\xampp\htdocs\interaction_bootstrap\homesinfra.bsdesign

----------

Thu Jun 04 2020 11:25:49 GMT+0530 (India Standard Time)

Couldn't execute script C:\xampp\htdocs\interaction_bootstrap\homesinfra.bsdesign

----------

Thu Jun 04 2020 11:27:26 GMT+0530 (India Standard Time)

Couldn't execute script C:\xampp\htdocs\interaction_bootstrap\homesinfra.bsdesign

----------

Wed Jun 10 2020 13:18:47 GMT+0530 (India Standard Time)

Couldn't execute script C:\xampp\htdocs\interaction_bootstrap\homesinfra.bsdesign

